# JRE version: OpenJDK Runtime Environment Temurin-21.0.10+7 (21.0.10+7) (build 21.0.10+7-LTS)
# Java VM: OpenJDK 64-Bit Server VM Temurin-21.0.10+7 (21.0.10+7-LTS, mixed mode, sharing, tiered, compressed oops, compressed class ptrs, parallel gc, windows-amd64)
GC Precious Log:
 CardTable entry size: 512
 CPUs: 12 total, 12 available
 Memory: 16152M
 Large Page Support: Disabled
 NUMA Support: Disabled
 Compressed Oops: Enabled (32-bit)
 Alignments: Space 512K, Generation 512K, Heap 2M
 Heap Min Capacity: 100M
 Heap Initial Capacity: 100M
 Heap Max Capacity: 2G
 Pre-touch: Disabled
 Parallel Workers: 10
Heap:
 PSYoungGen      total 23552K, used 14023K [0x00000000d5580000, 0x00000000d6f00000, 0x0000000100000000)
  eden space 22016K, 60% used [0x00000000d5580000,0x00000000d6291c00,0x00000000d6b00000)
  from space 1536K, 41% used [0x00000000d6c80000,0x00000000d6d20000,0x00000000d6e00000)
  to   space 1024K, 0% used [0x00000000d6e00000,0x00000000d6e00000,0x00000000d6f00000)
 ParOldGen       total 68608K, used 20277K [0x0000000080000000, 0x0000000084300000, 0x00000000d5580000)
  object space 68608K, 29% used [0x0000000080000000,0x00000000813cd7d8,0x0000000084300000)
 Metaspace       used 39663K, committed 40832K, reserved 1114112K
  class space    used 4256K, committed 4736K, reserved 1048576K
GC Heap History (20 events):
Event: 4.633 GC heap before
{Heap before GC invocations=8 (full 1):
 PSYoungGen      total 29184K, used 4480K [0x00000000d5580000, 0x00000000d7780000, 0x0000000100000000)
  eden space 24576K, 0% used [0x00000000d5580000,0x00000000d5580000,0x00000000d6d80000)
  from space 4608K, 97% used [0x00000000d6e00000,0x00000000d72603b0,0x00000000d7280000)
  to   space 5120K, 0% used [0x00000000d7280000,0x00000000d7280000,0x00000000d7780000)
 ParOldGen       total 68608K, used 9767K [0x0000000080000000, 0x0000000084300000, 0x00000000d5580000)
  object space 68608K, 14% used [0x0000000080000000,0x0000000080989d68,0x0000000084300000)
 Metaspace       used 20682K, committed 21504K, reserved 1114112K
  class space    used 2196K, committed 2560K, reserved 1048576K
}
Event: 4.654 GC heap after
{Heap after GC invocations=8 (full 1):
 PSYoungGen      total 29184K, used 0K [0x00000000d5580000, 0x00000000d7780000, 0x0000000100000000)
  eden space 24576K, 0% used [0x00000000d5580000,0x00000000d5580000,0x00000000d6d80000)
  from space 4608K, 0% used [0x00000000d6e00000,0x00000000d6e00000,0x00000000d7280000)
  to   space 5120K, 0% used [0x00000000d7280000,0x00000000d7280000,0x00000000d7780000)
 ParOldGen       total 68608K, used 13534K [0x0000000080000000, 0x0000000084300000, 0x00000000d5580000)
  object space 68608K, 19% used [0x0000000080000000,0x0000000080d37ac8,0x0000000084300000)
 Metaspace       used 20670K, committed 21504K, reserved 1114112K
  class space    used 2193K, committed 2560K, reserved 1048576K
}
Event: 4.768 GC heap before
{Heap before GC invocations=9 (full 1):
 PSYoungGen      total 29184K, used 24492K [0x00000000d5580000, 0x00000000d7780000, 0x0000000100000000)
  eden space 24576K, 99% used [0x00000000d5580000,0x00000000d6d6b0f0,0x00000000d6d80000)
  from space 4608K, 0% used [0x00000000d6e00000,0x00000000d6e00000,0x00000000d7280000)
  to   space 5120K, 0% used [0x00000000d7280000,0x00000000d7280000,0x00000000d7780000)
 ParOldGen       total 68608K, used 13534K [0x0000000080000000, 0x0000000084300000, 0x00000000d5580000)
  object space 68608K, 19% used [0x0000000080000000,0x0000000080d37ac8,0x0000000084300000)
 Metaspace       used 23182K, committed 24064K, reserved 1114112K
  class space    used 2362K, committed 2752K, reserved 1048576K
}
Event: 4.769 GC heap after
{Heap after GC invocations=9 (full 1):
 PSYoungGen      total 25088K, used 932K [0x00000000d5580000, 0x00000000d7380000, 0x0000000100000000)
  eden space 24064K, 0% used [0x00000000d5580000,0x00000000d5580000,0x00000000d6d00000)
  from space 1024K, 91% used [0x00000000d7280000,0x00000000d7369210,0x00000000d7380000)
  to   space 2560K, 0% used [0x00000000d6e80000,0x00000000d6e80000,0x00000000d7100000)
 ParOldGen       total 68608K, used 13534K [0x0000000080000000, 0x0000000084300000, 0x00000000d5580000)
  object space 68608K, 19% used [0x0000000080000000,0x0000000080d37ac8,0x0000000084300000)
 Metaspace       used 23182K, committed 24064K, reserved 1114112K
  class space    used 2362K, committed 2752K, reserved 1048576K
}
Event: 4.934 GC heap before
{Heap before GC invocations=10 (full 1):
 PSYoungGen      total 25088K, used 24996K [0x00000000d5580000, 0x00000000d7380000, 0x0000000100000000)
  eden space 24064K, 100% used [0x00000000d5580000,0x00000000d6d00000,0x00000000d6d00000)
  from space 1024K, 91% used [0x00000000d7280000,0x00000000d7369210,0x00000000d7380000)
  to   space 2560K, 0% used [0x00000000d6e80000,0x00000000d6e80000,0x00000000d7100000)
 ParOldGen       total 68608K, used 13534K [0x0000000080000000, 0x0000000084300000, 0x00000000d5580000)
  object space 68608K, 19% used [0x0000000080000000,0x0000000080d37ac8,0x0000000084300000)
 Metaspace       used 26373K, committed 27328K, reserved 1114112K
  class space    used 2605K, committed 3008K, reserved 1048576K
}
Event: 4.935 GC heap after
{Heap after GC invocations=10 (full 1):
 PSYoungGen      total 26112K, used 2528K [0x00000000d5580000, 0x00000000d7300000, 0x0000000100000000)
  eden space 23552K, 0% used [0x00000000d5580000,0x00000000d5580000,0x00000000d6c80000)
  from space 2560K, 98% used [0x00000000d6e80000,0x00000000d70f8278,0x00000000d7100000)
  to   space 2048K, 0% used [0x00000000d7100000,0x00000000d7100000,0x00000000d7300000)
 ParOldGen       total 68608K, used 13550K [0x0000000080000000, 0x0000000084300000, 0x00000000d5580000)
  object space 68608K, 19% used [0x0000000080000000,0x0000000080d3bac8,0x0000000084300000)
 Metaspace       used 26373K, committed 27328K, reserved 1114112K
  class space    used 2605K, committed 3008K, reserved 1048576K
}
Event: 5.134 GC heap before
{Heap before GC invocations=11 (full 1):
 PSYoungGen      total 26112K, used 26080K [0x00000000d5580000, 0x00000000d7300000, 0x0000000100000000)
  eden space 23552K, 100% used [0x00000000d5580000,0x00000000d6c80000,0x00000000d6c80000)
  from space 2560K, 98% used [0x00000000d6e80000,0x00000000d70f8278,0x00000000d7100000)
  to   space 2048K, 0% used [0x00000000d7100000,0x00000000d7100000,0x00000000d7300000)
 ParOldGen       total 68608K, used 13550K [0x0000000080000000, 0x0000000084300000, 0x00000000d5580000)
  object space 68608K, 19% used [0x0000000080000000,0x0000000080d3bac8,0x0000000084300000)
 Metaspace       used 28500K, committed 29504K, reserved 1114112K
  class space    used 2787K, committed 3200K, reserved 1048576K
}
Event: 5.136 GC heap after
{Heap after GC invocations=11 (full 1):
 PSYoungGen      total 25088K, used 2026K [0x00000000d5580000, 0x00000000d7400000, 0x0000000100000000)
  eden space 23040K, 0% used [0x00000000d5580000,0x00000000d5580000,0x00000000d6c00000)
  from space 2048K, 98% used [0x00000000d7100000,0x00000000d72fa998,0x00000000d7300000)
  to   space 4096K, 0% used [0x00000000d6c00000,0x00000000d6c00000,0x00000000d7000000)
 ParOldGen       total 68608K, used 14938K [0x0000000080000000, 0x0000000084300000, 0x00000000d5580000)
  object space 68608K, 21% used [0x0000000080000000,0x0000000080e968b0,0x0000000084300000)
 Metaspace       used 28500K, committed 29504K, reserved 1114112K
  class space    used 2787K, committed 3200K, reserved 1048576K
}
Event: 5.336 GC heap before
{Heap before GC invocations=12 (full 1):
 PSYoungGen      total 25088K, used 25066K [0x00000000d5580000, 0x00000000d7400000, 0x0000000100000000)
  eden space 23040K, 100% used [0x00000000d5580000,0x00000000d6c00000,0x00000000d6c00000)
  from space 2048K, 98% used [0x00000000d7100000,0x00000000d72fa998,0x00000000d7300000)
  to   space 4096K, 0% used [0x00000000d6c00000,0x00000000d6c00000,0x00000000d7000000)
 ParOldGen       total 68608K, used 14938K [0x0000000080000000, 0x0000000084300000, 0x00000000d5580000)
  object space 68608K, 21% used [0x0000000080000000,0x0000000080e968b0,0x0000000084300000)
 Metaspace       used 31372K, committed 32448K, reserved 1114112K
  class space    used 3129K, committed 3584K, reserved 1048576K
}
Event: 5.338 GC heap after
{Heap after GC invocations=12 (full 1):
 PSYoungGen      total 24576K, used 1784K [0x00000000d5580000, 0x00000000d7180000, 0x0000000100000000)
  eden space 22528K, 0% used [0x00000000d5580000,0x00000000d5580000,0x00000000d6b80000)
  from space 2048K, 87% used [0x00000000d6c00000,0x00000000d6dbe060,0x00000000d6e00000)
  to   space 2560K, 0% used [0x00000000d6f00000,0x00000000d6f00000,0x00000000d7180000)
 ParOldGen       total 68608K, used 16964K [0x0000000080000000, 0x0000000084300000, 0x00000000d5580000)
  object space 68608K, 24% used [0x0000000080000000,0x00000000810911d8,0x0000000084300000)
 Metaspace       used 31372K, committed 32448K, reserved 1114112K
  class space    used 3129K, committed 3584K, reserved 1048576K
}
Event: 5.511 GC heap before
{Heap before GC invocations=13 (full 1):
 PSYoungGen      total 24576K, used 24312K [0x00000000d5580000, 0x00000000d7180000, 0x0000000100000000)
  eden space 22528K, 100% used [0x00000000d5580000,0x00000000d6b80000,0x00000000d6b80000)
  from space 2048K, 87% used [0x00000000d6c00000,0x00000000d6dbe060,0x00000000d6e00000)
  to   space 2560K, 0% used [0x00000000d6f00000,0x00000000d6f00000,0x00000000d7180000)
 ParOldGen       total 68608K, used 16964K [0x0000000080000000, 0x0000000084300000, 0x00000000d5580000)
  object space 68608K, 24% used [0x0000000080000000,0x00000000810911d8,0x0000000084300000)
 Metaspace       used 34192K, committed 35264K, reserved 1114112K
  class space    used 3515K, committed 3968K, reserved 1048576K
}
Event: 5.512 GC heap after
{Heap after GC invocations=13 (full 1):
 PSYoungGen      total 24064K, used 2000K [0x00000000d5580000, 0x00000000d7100000, 0x0000000100000000)
  eden space 22016K, 0% used [0x00000000d5580000,0x00000000d5580000,0x00000000d6b00000)
  from space 2048K, 97% used [0x00000000d6f00000,0x00000000d70f4010,0x00000000d7100000)
  to   space 2560K, 0% used [0x00000000d6c00000,0x00000000d6c00000,0x00000000d6e80000)
 ParOldGen       total 68608K, used 18142K [0x0000000080000000, 0x0000000084300000, 0x00000000d5580000)
  object space 68608K, 26% used [0x0000000080000000,0x00000000811b7bb8,0x0000000084300000)
 Metaspace       used 34192K, committed 35264K, reserved 1114112K
  class space    used 3515K, committed 3968K, reserved 1048576K
}
Event: 5.552 GC heap before
{Heap before GC invocations=14 (full 1):
 PSYoungGen      total 24064K, used 6881K [0x00000000d5580000, 0x00000000d7100000, 0x0000000100000000)
  eden space 22016K, 22% used [0x00000000d5580000,0x00000000d5a44620,0x00000000d6b00000)
  from space 2048K, 97% used [0x00000000d6f00000,0x00000000d70f4010,0x00000000d7100000)
  to   space 2560K, 0% used [0x00000000d6c00000,0x00000000d6c00000,0x00000000d6e80000)
 ParOldGen       total 68608K, used 18142K [0x0000000080000000, 0x0000000084300000, 0x00000000d5580000)
  object space 68608K, 26% used [0x0000000080000000,0x00000000811b7bb8,0x0000000084300000)
 Metaspace       used 34764K, committed 35840K, reserved 1114112K
  class space    used 3591K, committed 4032K, reserved 1048576K
}
Event: 5.554 GC heap after
{Heap after GC invocations=14 (full 1):
 PSYoungGen      total 24576K, used 352K [0x00000000d5580000, 0x00000000d6f80000, 0x0000000100000000)
  eden space 22016K, 0% used [0x00000000d5580000,0x00000000d5580000,0x00000000d6b00000)
  from space 2560K, 13% used [0x00000000d6c00000,0x00000000d6c58000,0x00000000d6e80000)
  to   space 1024K, 0% used [0x00000000d6e80000,0x00000000d6e80000,0x00000000d6f80000)
 ParOldGen       total 68608K, used 19925K [0x0000000080000000, 0x0000000084300000, 0x00000000d5580000)
  object space 68608K, 29% used [0x0000000080000000,0x0000000081375518,0x0000000084300000)
 Metaspace       used 34764K, committed 35840K, reserved 1114112K
  class space    used 3591K, committed 4032K, reserved 1048576K
}
Event: 5.554 GC heap before
{Heap before GC invocations=15 (full 2):
 PSYoungGen      total 24576K, used 352K [0x00000000d5580000, 0x00000000d6f80000, 0x0000000100000000)
  eden space 22016K, 0% used [0x00000000d5580000,0x00000000d5580000,0x00000000d6b00000)
  from space 2560K, 13% used [0x00000000d6c00000,0x00000000d6c58000,0x00000000d6e80000)
  to   space 1024K, 0% used [0x00000000d6e80000,0x00000000d6e80000,0x00000000d6f80000)
 ParOldGen       total 68608K, used 19925K [0x0000000080000000, 0x0000000084300000, 0x00000000d5580000)
  object space 68608K, 29% used [0x0000000080000000,0x0000000081375518,0x0000000084300000)
 Metaspace       used 34764K, committed 35840K, reserved 1114112K
  class space    used 3591K, committed 4032K, reserved 1048576K
}
Event: 5.572 GC heap after
{Heap after GC invocations=15 (full 2):
 PSYoungGen      total 24576K, used 0K [0x00000000d5580000, 0x00000000d6f80000, 0x0000000100000000)
  eden space 22016K, 0% used [0x00000000d5580000,0x00000000d5580000,0x00000000d6b00000)
  from space 2560K, 0% used [0x00000000d6c00000,0x00000000d6c00000,0x00000000d6e80000)
  to   space 1024K, 0% used [0x00000000d6e80000,0x00000000d6e80000,0x00000000d6f80000)
 ParOldGen       total 68608K, used 19200K [0x0000000080000000, 0x0000000084300000, 0x00000000d5580000)
  object space 68608K, 27% used [0x0000000080000000,0x00000000812c0128,0x0000000084300000)
 Metaspace       used 34764K, committed 35840K, reserved 1114112K
  class space    used 3591K, committed 4032K, reserved 1048576K
}
Event: 5.691 GC heap before
{Heap before GC invocations=16 (full 2):
 PSYoungGen      total 24576K, used 22016K [0x00000000d5580000, 0x00000000d6f80000, 0x0000000100000000)
  eden space 22016K, 100% used [0x00000000d5580000,0x00000000d6b00000,0x00000000d6b00000)
  from space 2560K, 0% used [0x00000000d6c00000,0x00000000d6c00000,0x00000000d6e80000)
  to   space 1024K, 0% used [0x00000000d6e80000,0x00000000d6e80000,0x00000000d6f80000)
 ParOldGen       total 68608K, used 19200K [0x0000000080000000, 0x0000000084300000, 0x00000000d5580000)
  object space 68608K, 27% used [0x0000000080000000,0x00000000812c0128,0x0000000084300000)
 Metaspace       used 36732K, committed 37888K, reserved 1114112K
  class space    used 3882K, committed 4352K, reserved 1048576K
}
Event: 5.691 GC heap after
{Heap after GC invocations=16 (full 2):
 PSYoungGen      total 23040K, used 1021K [0x00000000d5580000, 0x00000000d6f80000, 0x0000000100000000)
  eden space 22016K, 0% used [0x00000000d5580000,0x00000000d5580000,0x00000000d6b00000)
  from space 1024K, 99% used [0x00000000d6e80000,0x00000000d6f7f690,0x00000000d6f80000)
  to   space 1536K, 0% used [0x00000000d6c80000,0x00000000d6c80000,0x00000000d6e00000)
 ParOldGen       total 68608K, used 19336K [0x0000000080000000, 0x0000000084300000, 0x00000000d5580000)
  object space 68608K, 28% used [0x0000000080000000,0x00000000812e2148,0x0000000084300000)
 Metaspace       used 36732K, committed 37888K, reserved 1114112K
  class space    used 3882K, committed 4352K, reserved 1048576K
}
Event: 5.810 GC heap before
{Heap before GC invocations=17 (full 2):
 PSYoungGen      total 23040K, used 23029K [0x00000000d5580000, 0x00000000d6f80000, 0x0000000100000000)
  eden space 22016K, 99% used [0x00000000d5580000,0x00000000d6afdef8,0x00000000d6b00000)
  from space 1024K, 99% used [0x00000000d6e80000,0x00000000d6f7f690,0x00000000d6f80000)
  to   space 1536K, 0% used [0x00000000d6c80000,0x00000000d6c80000,0x00000000d6e00000)
 ParOldGen       total 68608K, used 19336K [0x0000000080000000, 0x0000000084300000, 0x00000000d5580000)
  object space 68608K, 28% used [0x0000000080000000,0x00000000812e2148,0x0000000084300000)
 Metaspace       used 38124K, committed 39296K, reserved 1114112K
  class space    used 4066K, committed 4544K, reserved 1048576K
}
Event: 5.811 GC heap after
{Heap after GC invocations=17 (full 2):
 PSYoungGen      total 23552K, used 640K [0x00000000d5580000, 0x00000000d6f00000, 0x0000000100000000)
  eden space 22016K, 0% used [0x00000000d5580000,0x00000000d5580000,0x00000000d6b00000)
  from space 1536K, 41% used [0x00000000d6c80000,0x00000000d6d20000,0x00000000d6e00000)
  to   space 1024K, 0% used [0x00000000d6e00000,0x00000000d6e00000,0x00000000d6f00000)
 ParOldGen       total 68608K, used 20277K [0x0000000080000000, 0x0000000084300000, 0x00000000d5580000)
  object space 68608K, 29% used [0x0000000080000000,0x00000000813cd7d8,0x0000000084300000)
 Metaspace       used 38124K, committed 39296K, reserved 1114112K
  class space    used 4066K, committed 4544K, reserved 1048576K
}

